[   0.000000] Linux version 4.15.0-46-generic (buildd@lgw01-amd64-038) (gcc version 7.3.0 (Ubuntu 7.3.0-16ubuntu3)) 49-Ubuntu SMP Wed Feb 6 09:33:07 UTC 2019 (Ubuntu 4.15.0-46.49-generic 4.15.18)
[    0.000000] Command line: BOOT_IMAGE=/boot/vmlinuz-4.15.0-46-generic root=UUID=3e590d34-5868-490c-8245-579e7f2d4f0b ro console=tty1 console=ttyS0
[    0.000000] KERNEL supported cpus:
[    0.000000]   Intel GenuineIntel
[    0.000000]   AMD AuthenticAMD
[    0.000000]   Centaur CentaurHauls
[    0.000000] x86/fpu: Supporting XSAVE feature 0x001: 'x87 floating point registers'
[    0.000000] x86/fpu: Supporting XSAVE feature 0x002: 'SSE registers'
[    0.000000] x86/fpu: Enabled xstate features 0x3, context size is 576 bytes, using 'standard' format.
[    0.000000] e820: BIOS-provided physical RAM map:
[    0.000000] BIOS-e820: [mem 0x0000000000000000-0x000000000009fbff] usable
[    0.000000] BIOS-e820: [mem 0x000000000009fc00-0x000000000009ffff] reserved
[    0.000000] BIOS-e820: [mem 0x00000000000f0000-0x00000000000fffff] reserved
[    0.000000] BIOS-e820: [mem 0x0000000000100000-0x000000003ffeffff] usable
[    0.000000] BIOS-e820: [mem 0x000000003fff0000-0x000000003fffffff] ACPI data
[    0.000000] BIOS-e820: [mem 0x00000000fec00000-0x00000000fec00fff] reserved
[    0.000000] BIOS-e820: [mem 0x00000000fee00000-0x00000000fee00fff] reserved
[    0.000000] BIOS-e820: [mem 0x00000000fffc0000-0x00000000ffffffff] reserved
[    0.000000] NX (Execute Disable) protection: active
[    0.000000] SMBIOS 2.5 present.
[    0.000000] DMI: innotek GmbH VirtualBox/VirtualBox, BIOS VirtualBox 12/01/2006
[    0.000000] Hypervisor detected: KVM
[    0.000000] e820: last_pfn = 0x3fff0 max_arch_pfn = 0x400000000
[    0.000000] MTRR: Disabled
[    0.000000] x86/PAT: MTRRs disabled, skipping PAT initialization too.
[    0.000000] CPU MTRRs all blank - virtualized system.
[    0.000000] x86/PAT: Configuration [0-7]: WB  WT  UC- UC  WB  WT  UC- UC  
[    0.000000] found SMP MP-table at [mem 0x0009fff0-0x0009ffff] mapped at [        (ptrval)]
[    0.000000] Scanning 1 areas for low memory corruption
[    0.000000] RAMDISK: [mem 0x359d7000-0x36ce2fff]
[    0.000000] ACPI: Early table checksum verification disabled
[    0.000000] ACPI: RSDP 0x00000000000E0000 000024 (v02 VBOX  )
[    0.000000] ACPI: XSDT 0x000000003FFF0030 00003C (v01 VBOX   VBOXXSDT 00000001 ASL  00000061)
[    0.000000] ACPI: FACP 0x000000003FFF00F0 0000F4 (v04 VBOX   VBOXFACP 00000001 ASL  00000061)
[    0.000000] ACPI: DSDT 0x000000003FFF0470 0021FF (v02 VBOX   VBOXBIOS 00000002 INTL 20100528)
[    0.000000] ACPI: FACS 0x000000003FFF0200 000040
[    0.000000] ACPI: FACS 0x000000003FFF0200 000040
[    0.000000] ACPI: APIC 0x000000003FFF0240 00005C (v02 VBOX   VBOXAPIC 00000001 ASL  00000061)
[    0.000000] ACPI: SSDT 0x000000003FFF02A0 0001CC (v01 VBOX   VBOXCPUT 00000002 INTL 20100528)
[    0.000000] No NUMA configuration found
[    0.000000] Faking a node at [mem 0x0000000000000000-0x000000003ffeffff]
[    0.000000] NODE_DATA(0) allocated [mem 0x3ffc5000-0x3ffeffff]
[    0.000000] kvm-clock: cpu 0, msr 0:3ff44001, primary cpu clock
[    0.000000] kvm-clock: Using msrs 4b564d01 and 4b564d00
[    0.000000] kvm-clock: using sched offset of 5840055639 cycles
[    0.000000] clocksource: kvm-clock: mask: 0xffffffffffffffff max_cycles: 0x1cd42e4dffb, max_idle_ns: 881590591483 ns
[    0.000000] Zone ranges:
[    0.000000]   DMA      [mem 0x0000000000001000-0x0000000000ffffff]
[    0.000000]   DMA32    [mem 0x0000000001000000-0x000000003ffeffff]
[    0.000000]   Normal   empty
[    0.000000]   Device   empty
[    0.000000] Movable zone start for each node
[    0.000000] Early memory node ranges
[    0.000000]   node   0: [mem 0x0000000000001000-0x000000000009efff]
[    0.000000]   node   0: [mem 0x0000000000100000-0x000000003ffeffff]
[    0.000000] Reserved but unavailable: 114 pages
[    0.000000] Initmem setup node 0 [mem 0x0000000000001000-0x000000003ffeffff]
[    0.000000] ACPI: PM-Timer IO Port: 0x4008
[    0.000000] IOAPIC[0]: apic_id 2, version 32, address 0xfec00000, GSI 0-23
[    0.000000] ACPI: INT_SRC_OVR (bus 0 bus_irq 0 global_irq 2 dfl dfl)
[    0.000000] ACPI: INT_SRC_OVR (bus 0 bus_irq 9 global_irq 9 low level)
[    0.000000] Using ACPI (MADT) for SMP configuration information
[    0.000000] smpboot: Allowing 2 CPUs, 0 hotplug CPUs
[    0.000000] PM: Registered nosave memory: [mem 0x00000000-0x00000fff]
[    0.000000] PM: Registered nosave memory: [mem 0x0009f000-0x0009ffff]
[    0.000000] PM: Registered nosave memory: [mem 0x000a0000-0x000effff]
[    0.000000] PM: Registered nosave memory: [mem 0x000f0000-0x000fffff]
[    0.000000] e820: [mem 0x40000000-0xfebfffff] available for PCI devices
[    0.000000] Booting paravirtualized kernel on KVM
[    0.000000] clocksource: refined-jiffies: mask: 0xffffffff max_cycles: 0xffffffff, max_idle_ns: 7645519600211568 ns
[    0.000000] random: get_random_bytes called from start_kernel+0x99/0x4fd with crng_init=0
[    0.000000] setup_percpu: NR_CPUS:8192 nr_cpumask_bits:2 nr_cpu_ids:2 nr_node_ids:1
[    0.000000] percpu: Embedded 46 pages/cpu @        (ptrval) s151552 r8192 d28672 u1048576
[    0.000000] PV qspinlock hash table entries: 256 (order: 0, 4096 bytes)
[    0.000000] Built 1 zonelists, mobility grouping on.  Total pages: 257913
[    0.000000] Policy zone: DMA32
[    0.000000] Kernel command line: BOOT_IMAGE=/boot/vmlinuz-4.15.0-46-generic root=UUID=3e590d34-5868-490c-8245-579e7f2d4f0b ro console=tty1 console=ttyS0
[    0.000000] Memory: 983080K/1048120K available (12300K kernel code, 2473K rwdata, 4252K rodata, 2408K init, 2416K bss, 65040K reserved, 0K cma-reserved)
[    0.000000] SLUB: HWalign=64, Order=0-3, MinObjects=0, CPUs=2, Nodes=1
[    0.000000] Kernel/User page tables isolation: enabled
[    0.000000] ftrace: allocating 39198 entries in 154 pages
[    0.004000] Hierarchical RCU implementation.
[    0.004000] 	RCU restricting CPUs from NR_CPUS=8192 to nr_cpu_ids=2.
[    0.004000] 	Tasks RCU enabled.
[    0.004000] RCU: Adjusting geometry for rcu_fanout_leaf=16, nr_cpu_ids=2
[    0.004000] NR_IRQS: 524544, nr_irqs: 440, preallocated irqs: 16
[    0.004000] Console: colour VGA+ 80x25
[    0.004000] console [tty1] enabled
[    0.004000] console [ttyS0] enabled
[    0.004000] ACPI: Core revision 20170831
[    0.004000] ACPI: 2 ACPI AML tables successfully acquired and loaded
[    0.004000] APIC: Switch to symmetric I/O mode setup
[    0.004000] x2apic enabled
[    0.004000] Switched APIC routing to physical x2apic.
[    0.006247] ..TIMER: vector=0x30 apic1=0 pin1=2 apic2=-1 pin2=-1
[    0.008005] tsc: Detected 1496.601 MHz processor
[    0.009629] Calibrating delay loop (skipped) preset value.. 2993.20 BogoMIPS (lpj=5986404)
[    0.012006] pid_max: default: 32768 minimum: 301
[    0.016063] Security Framework initialized
[    0.017577] Yama: becoming mindful.
[    0.019142] AppArmor: AppArmor initialized
[    0.028156] Dentry cache hash table entries: 131072 (order: 8, 1048576 bytes)
[    0.032144] Inode-cache hash table entries: 65536 (order: 7, 524288 bytes)
[    0.036068] Mount-cache hash table entries: 2048 (order: 2, 16384 bytes)
[    0.040023] Mountpoint-cache hash table entries: 2048 (order: 2, 16384 bytes)
[    0.044443] mce: CPU supports 0 MCE banks
[    0.048033] Last level iTLB entries: 4KB 512, 2MB 8, 4MB 8
[    0.051012] Last level dTLB entries: 4KB 512, 2MB 32, 4MB 32, 1GB 0
[    0.052011] Spectre V2 : Mitigation: Full generic retpoline
[    0.056007] Spectre V2 : Spectre v2 / SpectreRSB mitigation: Filling RSB on context switch
[    0.060009] Speculative Store Bypass: Vulnerable
[    0.064203] Freeing SMP alternatives memory: 36K
[    0.072000] smpboot: CPU0: Intel(R) Celeron(R) CPU 1007U @ 1.50GHz (family: 0x6, model: 0x3a, stepping: 0x9)
[    0.072157] Performance Events: unsupported p6 CPU model 58 no PMU driver, software events only.
[    0.076127] Hierarchical SRCU implementation.
[    0.081747] NMI watchdog: Perf event create on CPU 0 failed with -2
[    0.084010] NMI watchdog: Perf NMI watchdog permanently disabled
[    0.088126] smp: Bringing up secondary CPUs ...
[    0.090712] x86: Booting SMP configuration:
[    0.092009] .... node  #0, CPUs:      #1
[    0.004000] kvm-clock: cpu 1, msr 0:3ff44041, secondary cpu clock
[    0.004000] mce: CPU supports 0 MCE banks
[    0.120041] smp: Brought up 1 node, 2 CPUs
[    0.124017] smpboot: Max logical packages: 1
[    0.126465] smpboot: Total of 2 processors activated (5986.40 BogoMIPS)
[    0.128231] devtmpfs: initialized
[    0.132102] x86/mm: Memory block size: 128MB
[    0.133968] evm: security.selinux
[    0.136007] evm: security.SMACK64
[    0.137256] evm: security.SMACK64EXEC
[    0.140009] evm: security.SMACK64TRANSMUTE
[    0.141595] evm: security.SMACK64MMAP
[    0.142957] evm: security.apparmor
[    0.144006] evm: security.ima
[    0.145615] evm: security.capability
[    0.148171] clocksource: jiffies: mask: 0xffffffff max_cycles: 0xffffffff, max_idle_ns: 7645041785100000 ns
[    0.152021] futex hash table entries: 512 (order: 3, 32768 bytes)
[    0.156106] pinctrl core: initialized pinctrl subsystem
[    0.168044] RTC time:  1:49:49, date: 03/19/19
[    0.173413] NET: Registered protocol family 16
[    0.176171] audit: initializing netlink subsys (disabled)
[    0.180259] audit: type=2000 audit(1552960196.340:1): state=initialized audit_enabled=0 res=1
[    0.188038] cpuidle: using governor ladder
[    0.192022] cpuidle: using governor menu
[    0.195114] ACPI: bus type PCI registered
[    0.196010] acpiphp: ACPI Hot Plug PCI Controller Driver version: 0.5
[    0.204059] PCI: Using configuration type 1 for base access
[    0.209095] HugeTLB registered 2.00 MiB page size, pre-allocated 0 pages
[    0.212237] ACPI: Added _OSI(Module Device)
[    0.216058] ACPI: Added _OSI(Processor Device)
[    0.218278] ACPI: Added _OSI(3.0 _SCP Extensions)
[    0.220023] ACPI: Added _OSI(Processor Aggregator Device)
[    0.224014] ACPI: Added _OSI(Linux-Dell-Video)
[    0.226066] ACPI: Added _OSI(Linux-Lenovo-NV-HDMI-Audio)
[    0.228012] ACPI: Added _OSI(Linux-HPI-Hybrid-Graphics)
[    0.232903] ACPI: Executed 1 blocks of module-level executable AML code
[    0.246834] ACPI: Interpreter enabled
[    0.248027] ACPI: (supports S0 S5)
[    0.249365] ACPI: Using IOAPIC for interrupt routing
[    0.252556] PCI: Using host bridge windows from ACPI; if necessary, use "pci=nocrs" and report a bug
[    0.256351] ACPI: Enabled 2 GPEs in block 00 to 07
[    0.272274] ACPI: PCI Root Bridge [PCI0] (domain 0000 [bus 00-ff])
[    0.275713] acpi PNP0A03:00: _OSC: OS supports [ASPM ClockPM Segments MSI]
[    0.276062] acpi PNP0A03:00: _OSC: not requesting OS control; OS requires [ExtendedConfig ASPM ClockPM MSI]
[    0.280037] acpi PNP0A03:00: fail to add MMCONFIG information, can't access extended PCI configuration space under this bridge.
[    0.288812] PCI host bridge to bus 0000:00
[    0.290555] pci_bus 0000:00: root bus resource [io  0x0000-0x0cf7 window]
[    0.292010] pci_bus 0000:00: root bus resource [io  0x0d00-0xffff window]
[    0.294370] pci_bus 0000:00: root bus resource [mem 0x000a0000-0x000bffff window]
[    0.296014] pci_bus 0000:00: root bus resource [mem 0x40000000-0xfdffffff window]
[    0.300012] pci_bus 0000:00: root bus resource [bus 00-ff]
[    0.310520] pci 0000:00:01.1: legacy IDE quirk: reg 0x10: [io  0x01f0-0x01f7]
[    0.312009] pci 0000:00:01.1: legacy IDE quirk: reg 0x14: [io  0x03f6]
[    0.314294] pci 0000:00:01.1: legacy IDE quirk: reg 0x18: [io  0x0170-0x0177]
[    0.316008] pci 0000:00:01.1: legacy IDE quirk: reg 0x1c: [io  0x0376]
[    0.357264] pci 0000:00:07.0: quirk: [io  0x4000-0x403f] claimed by PIIX4 ACPI
[    0.360049] pci 0000:00:07.0: quirk: [io  0x4100-0x410f] claimed by PIIX4 SMB
[    0.389875] ACPI: PCI Interrupt Link [LNKA] (IRQs 5 9 10 *11)
[    0.392732] ACPI: PCI Interrupt Link [LNKB] (IRQs 5 9 *10 11)
[    0.396181] ACPI: PCI Interrupt Link [LNKC] (IRQs 5 *9 10 11)
[    0.398726] ACPI: PCI Interrupt Link [LNKD] (IRQs 5 9 10 *11)
[    0.400626] SCSI subsystem initialized
[    0.404146] pci 0000:00:02.0: vgaarb: setting as boot VGA device
[    0.408000] pci 0000:00:02.0: vgaarb: VGA device added: decodes=io+mem,owns=io+mem,locks=none
[    0.408012] pci 0000:00:02.0: vgaarb: bridge control possible
[    0.412005] vgaarb: loaded
[    0.413139] ACPI: bus type USB registered
[    0.414711] usbcore: registered new interface driver usbfs
[    0.416023] usbcore: registered new interface driver hub
[    0.420059] usbcore: registered new device driver usb
[    0.424054] EDAC MC: Ver: 3.0.0
[    0.425743] PCI: Using ACPI for IRQ routing
[    0.428361] NetLabel: Initializing
[    0.432006] NetLabel:  domain hash size = 128
[    0.433630] NetLabel:  protocols = UNLABELED CIPSOv4 CALIPSO
[    0.436045] NetLabel:  unlabeled traffic allowed by default
[    0.440136] clocksource: Switched to clocksource kvm-clock
[    0.496777] VFS: Disk quotas dquot_6.6.0
[    0.504611] VFS: Dquot-cache hash table entries: 512 (order 0, 4096 bytes)
[    0.507193] AppArmor: AppArmor Filesystem Enabled
[    0.511705] pnp: PnP ACPI init
[    0.515265] pnp: PnP ACPI: found 3 devices
[    0.525379] clocksource: acpi_pm: mask: 0xffffff max_cycles: 0xffffff, max_idle_ns: 2085701024 ns
[    0.530823] NET: Registered protocol family 2
[    0.543489] TCP established hash table entries: 8192 (order: 4, 65536 bytes)
[    0.548647] TCP bind hash table entries: 8192 (order: 5, 131072 bytes)
[    0.551140] TCP: Hash tables configured (established 8192 bind 8192)
[    0.553477] UDP hash table entries: 512 (order: 2, 16384 bytes)
[    0.555612] UDP-Lite hash table entries: 512 (order: 2, 16384 bytes)
[    0.557940] NET: Registered protocol family 1
[    0.559562] pci 0000:00:00.0: Limiting direct PCI/PCI transfers
[    0.561766] pci 0000:00:01.0: Activating ISA DMA hang workarounds
[    0.564096] pci 0000:00:02.0: Video device with shadowed ROM at [mem 0x000c0000-0x000dffff]
[    0.567226] Unpacking initramfs...
[    1.586931] Freeing initrd memory: 19504K
[    1.595779] platform rtc_cmos: registered platform RTC device (no PNP device found)
[    1.601844] Scanning for low memory corruption every 60 seconds
[    1.605232] Initialise system trusted keyrings
[    1.611453] Key type blacklist registered
[    1.613828] workingset: timestamp_bits=36 max_order=18 bucket_order=0
[    1.619235] zbud: loaded
[    1.621646] squashfs: version 4.0 (2009/01/31) Phillip Lougher
[    1.625309] fuse init (API version 7.26)
[    1.634585] Key type asymmetric registered
[    1.639520] Asymmetric key parser 'x509' registered
[    1.643371] Block layer SCSI generic (bsg) driver version 0.4 loaded (major 246)
[    1.653569] io scheduler noop registered
[    1.656134] io scheduler deadline registered
[    1.657862] io scheduler cfq registered (default)
[    1.660110] ACPI: AC Adapter [AC] (on-line)
[    1.663158] input: Power Button as /devices/LNXSYSTM:00/LNXPWRBN:00/input/input0
[    1.673404] ACPI: Power Button [PWRF]
[    1.674927] input: Sleep Button as /devices/LNXSYSTM:00/LNXSLPBN:00/input/input1
[    1.695102] ACPI: Sleep Button [SLPF]
[    1.706244] Serial: 8250/16550 driver, 32 ports, IRQ sharing enabled
[    1.707892] ACPI: Battery Slot [BAT0] (battery present)
[    1.752371] 00:02: ttyS0 at I/O 0x3f8 (irq = 4, base_baud = 115200) is a 16550A
[    1.762822] Linux agpgart interface v0.103
[    1.781449] loop: module loaded
[    1.785034] scsi host0: ata_piix
[    1.787336] scsi host1: ata_piix
[    1.789174] ata1: PATA max UDMA/33 cmd 0x1f0 ctl 0x3f6 bmdma 0xd000 irq 14
[    1.792665] ata2: PATA max UDMA/33 cmd 0x170 ctl 0x376 bmdma 0xd008 irq 15
[    1.797765] libphy: Fixed MDIO Bus: probed
[    1.801058] tun: Universal TUN/TAP device driver, 1.6
[    1.803217] PPP generic driver version 2.4.2
[    1.805013] ehci_hcd: USB 2.0 'Enhanced' Host Controller (EHCI) Driver
[    1.807349] ehci-pci: EHCI PCI platform driver
[    1.809137] ehci-platform: EHCI generic platform driver
[    1.811066] ohci_hcd: USB 1.1 'Open' Host Controller (OHCI) Driver
[    1.813284] ohci-pci: OHCI PCI platform driver
[    1.823679] ohci-platform: OHCI generic platform driver
[    1.826870] uhci_hcd: USB Universal Host Controller Interface driver
[    1.831039] i8042: PNP: PS/2 Controller [PNP0303:PS2K,PNP0f03:PS2M] at 0x60,0x64 irq 1,12
[    1.834998] serio: i8042 KBD port at 0x60,0x64 irq 1
[    1.838677] serio: i8042 AUX port at 0x60,0x64 irq 12
[    1.840645] mousedev: PS/2 mouse device common for all mice
[    1.843322] input: AT Translated Set 2 keyboard as /devices/platform/i8042/serio0/input/input2
[    1.847266] rtc_cmos rtc_cmos: rtc core: registered rtc_cmos as rtc0
[    1.851455] rtc_cmos rtc_cmos: alarms up to one day, 114 bytes nvram
[    1.860811] i2c /dev entries driver
[    1.862278] pcie_mp2_amd: AMD(R) PCI-E MP2 Communication Driver Version: 1.0
[    1.864860] device-mapper: uevent: version 1.0.3
[    1.866771] device-mapper: ioctl: 4.37.0-ioctl (2017-09-20) initialised: dm-devel@redhat.com
[    1.871171] ledtrig-cpu: registered to indicate activity on CPUs
[    1.880849] NET: Registered protocol family 10
[    1.894099] Segment Routing with IPv6
[    1.903746] NET: Registered protocol family 17
[    1.905599] Key type dns_resolver registered
[    1.907570] RAS: Correctable Errors collector initialized.
[    1.909608] sched_clock: Marking stable (1909573847, 0)->(2713221448, -803647601)
[    1.913264] registered taskstats version 1
[    1.936399] Loading compiled-in X.509 certificates
[    1.943327] Loaded X.509 cert 'Build time autogenerated kernel key: b873a790e41754b50f7dbae45b6bd46229c3c73f'
[    1.950134] zswap: loaded using pool lzo/zbud
[    1.959775] Key type big_key registered
[    1.963195] Key type trusted registered
[    1.968447] Key type encrypted registered
[    1.973021] AppArmor: AppArmor sha1 policy hashing enabled
[    1.974950] ima: No TPM chip found, activating TPM-bypass! (rc=-19)
[    1.985618] ima: Allocated hash algorithm: sha1
[    1.987276] evm: HMAC attrs: 0x1
[    1.989130]   Magic number: 11:299:812
[    1.990732] rtc_cmos rtc_cmos: setting system clock to 2019-03-19 01:49:51 UTC (1552960191)
[    1.995799] BIOS EDD facility v0.16 2004-Jun-25, 0 devices found
[    1.998036] EDD information not available.
[    2.004528] Freeing unused kernel memory: 2408K
[    2.020462] Write protecting the kernel read-only data: 20480k
[    2.027323] Freeing unused kernel memory: 2008K
[    2.036371] Freeing unused kernel memory: 1892K
[    2.062977] x86/mm: Checked W+X mappings: passed, no W+X pages found.
[    2.065445] x86/mm: Checking user space page tables
[    2.079731] x86/mm: Checked W+X mappings: passed, no W+X pages found.
Loading, please wait...
starting version 237
[    2.326654] Fusion MPT base driver 3.04.20
[    2.337507] Copyright (c) 1999-2008 LSI Corporation
[    2.340719] e1000: Intel(R) PRO/1000 Network Driver - version 7.3.21-k8-NAPI
[    2.357846] e1000: Copyright (c) 1999-2006 Intel Corporation.
[    2.448482] Fusion MPT SPI Host driver 3.04.20
[    2.686915] tsc: Refined TSC clocksource calibration: 1497.555 MHz
[    2.697095] clocksource: tsc: mask: 0xffffffffffffffff max_cycles: 0x15961cf4f34, max_idle_ns: 440795275409 ns
[    2.721816] input: ImExPS/2 Generic Explorer Mouse as /devices/platform/i8042/serio1/input/input4
[    3.389660] e1000 0000:00:03.0 eth0: (PCI:33MHz:32-bit) 02:db:17:3a:0e:c2
[    3.453081] e1000 0000:00:03.0 eth0: Intel(R) PRO/1000 Network Connection
[    3.949878] e1000 0000:00:08.0 eth1: (PCI:33MHz:32-bit) 08:00:27:f1:07:14
[    3.952587] e1000 0000:00:08.0 eth1: Intel(R) PRO/1000 Network Connection
[    3.957587] e1000 0000:00:03.0 enp0s3: renamed from eth0
[    3.961877] mptbase: ioc0: Initiating bringup
[    3.977051] e1000 0000:00:08.0 enp0s8: renamed from eth1
[    4.149046] ioc0: LSI53C1030 A0: Capabilities={Initiator}
[    5.398716] scsi host2: ioc0: LSI53C1030 A0, FwRev=00000000h, Ports=1, MaxQ=256, IRQ=20
[    5.788946] scsi 2:0:0:0: Direct-Access     VBOX     HARDDISK         1.0  PQ: 0 ANSI: 5
[    5.820375] scsi target2:0:0: Beginning Domain Validation
[    5.827213] scsi target2:0:0: Domain Validation skipping write tests
[    5.831069] scsi target2:0:0: Ending Domain Validation
[    5.834952] scsi target2:0:0: asynchronous
[    5.838480] scsi 2:0:1:0: Direct-Access     VBOX     HARDDISK         1.0  PQ: 0 ANSI: 5
[    5.872127] scsi target2:0:1: Beginning Domain Validation
[    5.876656] random: fast init done
[    5.880773] scsi target2:0:1: Domain Validation skipping write tests
[    5.884671] scsi target2:0:1: Ending Domain Validation
[    5.888302] scsi target2:0:1: asynchronous
[    5.902434] random: systemd-udevd: uninitialized urandom read (16 bytes read)
[    5.906615] random: systemd-udevd: uninitialized urandom read (16 bytes read)
[    5.910861] random: systemd-udevd: uninitialized urandom read (16 bytes read)
[    5.915354] sd 2:0:0:0: Attached scsi generic sg0 type 0
[    5.916576] sd 2:0:0:0: [sda] 20971520 512-byte logical blocks: (10.7 GB/10.0 GiB)
[    5.916696] sd 2:0:0:0: [sda] Write Protect is off
[    5.916924] sd 2:0:0:0: [sda] Incomplete mode parameter data
[    5.916927] sd 2:0:0:0: [sda] Assuming drive cache: write through
[    5.928561]  sda: sda1
[    5.930008] sd 2:0:0:0: [sda] Attached SCSI disk
[    5.944268] sd 2:0:1:0: Attached scsi generic sg1 type 0
[    5.944997] sd 2:0:1:0: [sdb] 20480 512-byte logical blocks: (10.5 MB/10.0 MiB)
[    5.946431] sd 2:0:1:0: [sdb] Write Protect is off
[    5.946642] sd 2:0:1:0: [sdb] Incomplete mode parameter data
[    5.946644] sd 2:0:1:0: [sdb] Assuming drive cache: write through
[    5.977684] sd 2:0:1:0: [sdb] Attached SCSI disk
Begin: Loading essential drivers ... [    7.976382] raid6: sse2x1   gen()  3658 MB/s
[    8.024427] raid6: sse2x1   xor()  2360 MB/s
[    8.072121] raid6: sse2x2   gen()  4134 MB/s
[    8.124063] raid6: sse2x2   xor()  2791 MB/s
[    8.172309] raid6: sse2x4   gen()  5868 MB/s
[    8.224064] raid6: sse2x4   xor()  3945 MB/s
[    8.226947] raid6: using algorithm sse2x4 gen() 5868 MB/s
[    8.230591] raid6: .... xor() 3945 MB/s, rmw enabled
[    8.234143] raid6: using ssse3x2 recovery algorithm
[    8.239571] xor: measuring software checksum speed
[    8.316526]    prefetch64-sse:  7223.000 MB/sec
[    8.356194]    generic_sse:  6690.000 MB/sec
[    8.358487] xor: using function: prefetch64-sse (7223.000 MB/sec)
[    8.363766] async_tx: api initialized (async)
done.
Begin: Running /scripts/init-premount ... done.
Begin: Mounting root file system ... Begin: Running /scripts/local-top ... done.
Begin: Running /scripts/local-premount ... [    8.545922] Btrfs loaded, crc32c=crc32c-intel
Scanning for Btrfs filesystems
done.
Warning: fsck not present, so sk[    8.732331] EXT4-fs (sda1): mounted filesystem with ordered data mode. Opts: (null)
ipping root file system
done.
Begin: Running /scripts/local-bottom ... done.
Begin: Running /scripts/init-bottom ... done.
[   10.576749] random: crng init done
[   10.718235] random: 7 urandom warning(s) missed due to ratelimiting
[   11.021344] ip_tables: (C) 2000-2006 Netfilter Core Team
[   11.491845] systemd[1]: systemd 237 running in system mode. (+PAM +AUDIT +SELINUX +IMA +APPARMOR +SMACK +SYSVINIT +UTMP +LIBCRYPTSETUP +GCRYPT +GNUTLS +ACL +XZ +LZ4 +SECCOMP +BLKID +ELFUTILS +KMOD -IDN2 +IDN -PCRE2 default-hierarchy=hybrid)
[   12.029186] systemd[1]: Detected virtualization oracle.
[   12.042894] systemd[1]: Detected architecture x86-64.

Welcome to [1mUbuntu 18.04.2 LTS[0m!

[   12.129261] systemd[1]: Set hostname to <ubuntu-bionic>.
[   14.626458] systemd[1]: Started Forward Password Requests to Wall Directory Watch.
[[0;32m  OK  [0m] Started Forward Password Requests to Wall Directory Watch.
[   14.634213] systemd[1]: Reached target User and Group Name Lookups.
[[0;32m  OK  [0m] Reached target User and Group Name Lookups.
[   14.640904] systemd[1]: Set up automount Arbitrary Executable File Formats File System Automount Point.
[[0;32m  OK  [0m] Set up automount Arbitrary Executab…rmats File System Automount Point.
[   14.659550] systemd[1]: Created slice System Slice.
[[0;32m  OK  [0m] Created slice System Slice.
[   14.700379] systemd[1]: Listening on LVM2 metadata daemon socket.
[[0;32m  OK  [0m] Listening on LVM2 metadata daemon socket.
[   14.706222] systemd[1]: Listening on udev Kernel Socket.
[[0;32m  OK  [0m] Listening on udev Kernel Socket.
[[0;32m  OK  [0m] Listening on Journal Socket (/dev/log).
[[0;32m  OK  [0m] Listening on Journal Socket.
         Starting Remount Root and Kernel File Systems...
         Starting Load Kernel Modules...
         Starting Create list of[   14.887588] EXT4-fs (sda1): re-mounted. Opts: (null)
 required st…ce nodes for the current kernel...
         Starting Uncomplicated firewall...
[[0;32m  OK  [0m] Listening on /dev/initctl Compatibility Name[   15.061549] Loading iSCSI transport class v2.0-870.
d Pipe.
[[0;32m  OK  [0m] Listening on udev Control Socket.
[[0;32m  OK  [0m] Listening on Journal Audit Socket.
         Starting Set the console keyboard layout...
         Mountin[   15.249315] iscsi: registered transport (tcp)
g Kernel Debug File System...
         Mounting Huge Pages File System...
[[0;32m  OK  [0m] Reached target System Time Synchronized.
[[0;32m  OK  [0m] Created slice User and Session Slice.
[[0;32m  OK  [0m] Reached target Slices.
[[0;32m  OK  [0m] Reached target Swap.
[   15.527390] iscsi: registered transport (iser)
[[0;32m  OK  [0m] Created slice system-serial\x2dgetty.slice.
         Mounting POSIX Message Queue File System...
[[0;32m  OK  [0m] Listening on Device-mapper event daemon FIFOs.
         Starting udev Coldplug all Devices...
[[0;32m  OK  [0m] Listening on Syslog Socket.
         Starting Journal Service...
         Starting Monitoring of LVM2 mirrors…ng dmeventd or progress polling...
[[0;32m  OK  [0m] Listening on LVM2 poll daemon socket.
[[0;32m  OK  [0m] Listening on Network Service Netlink Socket.
[[0;32m  OK  [0m] Started Remount Root and Kernel File Systems.
[[0;32m  OK  [0m] Started Load Kernel Modules.
[[0;32m  OK  [0m] Started Create list of required sta…vice nodes for the current kernel.
[[0;32m  OK  [0m] Started Uncomplicated firewall.
[[0;32m  OK  [0m] Started Set the console keyboard layout.
[[0;32m  OK  [0m] Mounted Kernel Debug File System.
[[0;32m  OK  [0m] Mounted Huge Pages File System.
[[0;32m  OK  [0m] Started Journal Service.
[[0;32m  OK  [0m] Mounted POSIX Message Queue File System.
         Starting Create Static Device Nodes in /dev...
         Mounting Kernel Configuration File System...
         Mounting FUSE Control File System...
         Starting Apply Kernel Variables...
         Starting Load/Save Random Seed...
         Starting Initial cloud-init job (pre-networking)...
         Starting Flush Journal to Persistent Storage...
[[0;32m  OK  [0m] Started udev Coldplug all Devices.
[[0;32m  OK  [0m] Mounted Kernel Configuration File System.
[[0;32m  OK  [0m] Mounted FUSE Control File System.
[[0;32m  OK  [0m] Started Load/Save Random Seed.
[[0;32m  OK  [0m] Started LVM2 metadata daemon.
[[0;32m  OK  [0m] Started Apply Kernel Variables.
[[0;32m  OK  [0m] Started Create Static Device Nodes in /dev.
         Starting udev Kernel Device Manager...
[[0;32m  OK  [0m] Started Monitoring of LVM2 mirrors,…sing dmeventd or progress polling.
[[0;32m  OK  [0m] Reached target Local File Systems (Pre).
[[0;32m  OK  [0m] Reached target Local File Systems.
         Starting ebtables ruleset management...
         Starting Set console font and keymap...
         Starting AppArmor initialization...
         Starting Tell Plymouth To Write Out Runtime Data...
[[0;32m  OK  [0m] Started udev Kernel Device Manager.
[[0;32m  OK  [0m] Started Dispatch Password Requests to Console Directory Watch.
[[0;32m  OK  [0m] Reached target Local Encrypted Volumes.
[[0;32m  OK  [0m] Started Set console font and keymap.
[[0;32m  OK  [0m] Started Tell Plymouth To Write Out Runtime Data.
[[0;32m  OK  [0m] Found device /dev/ttyS0.
[[0;32m  OK  [0m] Listening on Load/Save RF Kill Switch Status /dev/rfkill Watch.
[[0;32m  OK  [0m] Started ebtables ruleset management.
[[0;32m  OK  [0m] Started AppArmor initialization.
[[0;32m  OK  [0m] Started Flush Journal to Persistent Storage.
         Starting Create Volatile Files and Directories...
[[0;32m  OK  [0m] Started Create Volatile Files and Directories.
         Starting Update UTMP about System Boot/Shutdown...
[[0;32m  OK  [0m] Started Update UTMP about System Boot/Shutdown.
[   30.111606] cloud-init[395]: Cloud-init v. 18.4-0ubuntu1~18.04.1 running 'init-local' at Tue, 19 Mar 2019 01:50:18 +0000. Up 29.28 seconds.
[[0;32m  OK  [0m] Started Initial cloud-init job (pre-networking).
[[0;32m  OK  [0m] Reached target Network (Pre).
         Starting Network Service...
[[0;32m  OK  [0m] Started Network Service.
         Starting Network Name Resolution...
         Starting Wait for Network to be Configured...
[[0;32m  OK  [0m] Started Network Name Resolution.
[[0;32m  OK  [0m] Reached target Network.
[[0;32m  OK  [0m] Reached target Host and Network Name Lookups.
[[0;32m  OK  [0m] Started Wait for Network to be Configured.
         Starting Initial cloud-init job (metadata service crawler)...
[   34.117035] cloud-init[652]: Cloud-init v. 18.4-0ubuntu1~18.04.1 running 'init' at Tue, 19 Mar 2019 01:50:23 +0000. Up 33.54 seconds.
[   34.147008] cloud-init[652]: ci-info: ++++++++++++++++++++++++++++++++++++++Net device info++++++++++++++++++++++++++++++++++++++
[   34.153435] cloud-init[652]: ci-info: +--------+------+----------------------------+---------------+--------+-------------------+
[   34.158611] cloud-init[652]: ci-info: | Device |  Up  |          Address           |      Mask     | Scope  |     Hw-Address    |
[   34.164596] cloud-init[652]: ci-info: +--------+------+----------------------------+---------------+--------+-------------------+
[   34.172444] cloud-init[652]: ci-info: | enp0s3 | True |         10.0.2.15          | 255.255.255.0 | global | 02:db:17:3a:0e:c2 |
[   34.206381] cloud-init[652]: ci-info: | enp0s3 | True | fe80::db:17ff:fe3a:ec2/64  |       .       |  link  | 02:db:17:3a:0e:c2 |
[   34.212160] cloud-init[652]: ci-info: | enp0s8 | True |       192.168.33.10        | 255.255.255.0 | global | 08:00:27:f1:07:14 |
[   34.218346] cloud-init[652]: ci-info: | enp0s8 | True | fe80::a00:27ff:fef1:714/64 |       .       |  link  | 08:00:27:f1:07:14 |
[   34.224102] cloud-init[652]: ci-info: |   lo   | True |         127.0.0.1          |   255.0.0.0   |  host  |         .         |
[   34.229851] cloud-init[652]: ci-info: |   lo   | True |          ::1/128           |       .       |  host  |         .         |
[   34.236388] cloud-init[652]: ci-info: +--------+------+----------------------------+---------------+--------+-------------------+
[   34.241796] cloud-init[652]: ci-info: +++++++++++++++++++++++++++++Route IPv4 info+++++++++++++++++++++++++++++
[   34.249354] cloud-init[652]: ci-info: +-------+--------------+----------+-----------------+-----------+-------+
[   34.255773] cloud-init[652]: ci-info: | Route | Destination  | Gateway  |     Genmask     | Interface | Flags |
[   34.265373] cloud-init[652]: ci-info: +-------+--------------+----------+-----------------+-----------+-------+
[   34.272930] cloud-init[652]: ci-info: |   0   |   0.0.0.0    | 10.0.2.2 |     0.0.0.0     |   enp0s3  |   UG  |
[   34.281524] cloud-init[652]: ci-info: |   1   |   10.0.2.0   | 0.0.0.0  |  255.255.255.0  |   enp0s3  |   U   |
[   34.288968] cloud-init[652]: ci-info: |   2   |   10.0.2.2   | 0.0.0.0  | 255.255.255.255 |   enp0s3  |   UH  |
[   34.323033] cloud-init[652]: ci-info: |   3   | 192.168.33.0 | 0.0.0.0  |  255.255.255.0  |   enp0s8  |   U   |
[   34.327654] cloud-init[652]: ci-info: +-------+--------------+----------+-----------------+-----------+-------+
[   34.335379] cloud-init[652]: ci-info: +++++++++++++++++++Route IPv6 info+++++++++++++++++++
[   34.341023] cloud-init[652]: ci-info: +-------+-------------+---------+-----------+-------+
[   34.360430] cloud-init[652]: ci-info: | Route | Destination | Gateway | Interface | Flags |
[   34.433560] cloud-init[652]: ci-info: +-------+-------------+---------+-----------+-------+
[   34.448938] cloud-init[652]: ci-info: |   1   |  fe80::/64  |    ::   |   enp0s8  |   U   |
[   34.453235] cloud-init[652]: ci-info: |   2   |  fe80::/64  |    ::   |   enp0s3  |   U   |
[   34.457683] cloud-init[652]: ci-info: |   4   |    local    |    ::   |   enp0s3  |   U   |
[   34.461974] cloud-init[652]: ci-info: |   5   |    local    |    ::   |   enp0s8  |   U   |
[   34.466761] cloud-init[652]: ci-info: |   6   |   ff00::/8  |    ::   |   enp0s8  |   U   |
[   34.471108] cloud-init[652]: ci-info: |   7   |   ff00::/8  |    ::   |   enp0s3  |   U   |
[   34.475409] cloud-init[652]: ci-info: +-------+-------------+---------+-----------+-------+
[[0;32m  OK  [0m] Started Initial cloud-init job (metadata service crawler).
[[0;32m  OK  [0m] Reached target Cloud-config availability.
[[0;32m  OK  [0m] Reached target System Initialization.
[[0;32m  OK  [0m] Started ACPI Events Check.
         Starting LXD - unix socket.
[[0;32m  OK  [0m] Started Daily apt download activities.
[[0;32m  OK  [0m] Started Daily apt upgrade and clean activities.
[[0;32m  OK  [0m] Started Daily Cleanup of Temporary Directories.
[[0;32m  OK  [0m] Listening on D-Bus System Message Bus Socket.
[[0;32m  OK  [0m] Listening on ACPID Listen Socket.
[[0;32m  OK  [0m] Started Discard unused blocks once a week.
[[0;32m  OK  [0m] Started Message of the Day.
[[0;32m  OK  [0m] Reached target Paths.
[[0;32m  OK  [0m] Reached target Timers.
[[0;32m  OK  [0m] Listening on UUID daemon activation socket.
         Starting Socket activation for snappy daemon.
[[0;32m  OK  [0m] Listening on Open-iSCSI iscsid Socket.
[[0;32m  OK  [0m] Reached target Network is Online.
         Starting Availability of block devices...
[[0;32m  OK  [0m] Reached target Remote File Systems (Pre).
[[0;32m  OK  [0m] Reached target Remote File Systems.
[[0;32m  OK  [0m] Listening on LXD - unix socket.
[[0;32m  OK  [0m] Listening on Socket activation for snappy daemon.
[[0;32m  OK  [0m] Reached target Sockets.
[[0;32m  OK  [0m] Reached target Basic System.
[[0;32m  OK  [0m] Started D-Bus System Message Bus.
         Starting Accounts Service...
         Starting System Logging Service...
[[0;32m  OK  [0m] Started irqbalance daemon.
         Starting Login Service...
[[0;32m  OK  [0m] Started Regular background program processing daemon.
         Starting LSB: Record successful boot for GRUB...
         Starting vboxadd.service...
         Starting Permit User Sessions...
         Starting Snappy daemon...
[[0;32m  OK  [0m] Started FUSE filesystem for LXC.
[[0;32m  OK  [0m] Started Deferred execution scheduler.
         Starting LSB: automatic crash report generation...
         Starting LXD - container startup/shutdown...
         Starting Dispatcher daemon for systemd-networkd...
         Starting OpenBSD Secure Shell server...
[[0;32m  OK  [0m] Started System Logging Service.
[[0;32m  OK  [0m] Started Availability of block devices.
[[0;32m  OK  [0m] Started Permit User Sessions.
[[0;32m  OK  [0m] Started Login Service.
         Starting Authorization Manager...
[[0;32m  OK  [0m] Started Unattended Upgrades Shutdown.
         Starting Terminate Plymouth Boot Screen...
         Starting Hold until boot process finishes up...
[[0;32m  OK  [0m] Started Terminate Plymouth Boot Screen.
[[0;32m  OK  [0m] Started Hold until boot process finishes up.
         Starting Set console scheme...
[[0;32m  OK  [0m] Started Serial Getty on ttyS0.
[[0;32m  OK  [0m] Started LSB: automatic crash report generation.
[[0;32m  OK  [0m] Started Set console scheme.
[[0;32m  OK  [0m] Created slice system-getty.slice.
[[0;32m  OK  [0m] Started Getty on tty1.
[[0;32m  OK  [0m] Reached target Login Prompts.
[[0;32m  OK  [0m] Started LSB: Record successful boot for GRUB.
[[0;32m  OK  [0m] Started Authorization Manager.
[[0;32m  OK  [0m] Started Accounts Service.
[[0;32m  OK  [0m] Started Dispatcher daemon for systemd-networkd.
[[0;32m  OK  [0m] Started vboxadd.service.
         Starting vboxadd-service.service...
[[0;32m  OK  [0m] Started OpenBSD Secure Shell server.
[[0;32m  OK  [0m] Started vboxadd-service.service.
[[0;32m  OK  [0m] Started Snappy daemon.
         Starting Wait until snapd is fully seeded...
[[0;32m  OK  [0m] Started Wait until snapd is fully seeded.
[[0;32m  OK  [0m] Created slice User Slice of vagrant.
         Starting Apply the settings specified in cloud-config...
         Starting User Manager for UID 1000...
[[0;32m  OK  [0m] Started Session 1 of user vagrant.

Ubuntu 18.04.2 LTS ubuntu-bionic ttyS0

ubuntu-bionic login: [   46.172936] cloud-init[1217]: Cloud-init v. 18.4-0ubuntu1~18.04.1 running 'modules:config' at Tue, 19 Mar 2019 01:50:35 +0000. Up 45.89 seconds.
[   47.898054] cloud-init[1340]: Cloud-init v. 18.4-0ubuntu1~18.04.1 running 'modules:final' at Tue, 19 Mar 2019 01:50:37 +0000. Up 47.60 seconds.
[   47.898353] cloud-init[1340]: Cloud-init v. 18.4-0ubuntu1~18.04.1 finished at Tue, 19 Mar 2019 01:50:37 +0000. Datasource DataSourceNoCloud [seed=/dev/sdb][dsmode=net].  Up 47.87 seconds
